<?xml version="1.0" encoding="UTF-8"?>
<!-- Generated by org.testng.reporters.JUnitReportReporter -->
<testsuite hostname="LAPTOP-RDSQ4RAL" failures="0" tests="1" name="com.framework.testng.api.base.TC001_VerifyLogin" time="23.082" errors="0" timestamp="2025-04-06T19:35:19 IST" skipped="0">
  <testcase classname="com.framework.testng.api.base.TC001_VerifyLogin" name="runLogin" time="23.082"/>
  <system-out/>
</testsuite> <!-- com.framework.testng.api.base.TC001_VerifyLogin -->
