<?xml version="1.0" encoding="UTF-8"?>
<!-- Generated by org.testng.reporters.JUnitReportReporter -->
<testsuite hostname="Rajesh" failures="0" tests="2" name="com.leaftaps.testcases.TC005_DeleteLead" time="64.394" errors="2" timestamp="2025-04-10T18:01:05 IST" skipped="0">
  <testcase classname="com.leaftaps.testcases.TC005_DeleteLead" name="browserClose" time="13.838">
    <error message="Test failed: See report for details." type="java.lang.RuntimeException">
      <![CDATA[java.lang.RuntimeException: Test failed: See report for details.
at com.framework.utils.Reporter.reportStep(Reporter.java:110)
at com.framework.selenium.api.base.SeleniumBase.close(SeleniumBase.java:942)
at com.framework.testng.api.base.ProjectSpecificMethods.browserClose(ProjectSpecificMethods.java:44)
at java.base/jdk.internal.reflect.NativeMethodAccessorImpl.invoke0(Native Method)
at java.base/jdk.internal.reflect.NativeMethodAccessorImpl.invoke(NativeMethodAccessorImpl.java:78)
at java.base/jdk.internal.reflect.DelegatingMethodAccessorImpl.invoke(DelegatingMethodAccessorImpl.java:43)
at java.base/java.lang.reflect.Method.invoke(Method.java:567)
at org.testng.internal.invokers.MethodInvocationHelper.invokeMethod(MethodInvocationHelper.java:141)
at org.testng.internal.invokers.MethodInvocationHelper.invokeMethodConsideringTimeout(MethodInvocationHelper.java:71)
at org.testng.internal.invokers.ConfigInvoker.invokeConfigurationMethod(ConfigInvoker.java:400)
at org.testng.internal.invokers.ConfigInvoker.invokeConfigurations(ConfigInvoker.java:333)
at org.testng.internal.invokers.TestMethodWorker.invokeAfterClassConfigurations(TestMethodWorker.java:238)
at org.testng.internal.invokers.TestMethodWorker.invokeAfterClassMethods(TestMethodWorker.java:223)
at org.testng.internal.invokers.TestMethodWorker.run(TestMethodWorker.java:137)
at java.base/java.util.concurrent.Executors$RunnableAdapter.call(Executors.java:515)
at java.base/java.util.concurrent.FutureTask.run(FutureTask.java:264)
at org.testng.internal.thread.graph.TestNGFutureTask.run(TestNGFutureTask.java:22)
at java.base/java.util.concurrent.ThreadPoolExecutor.runWorker(ThreadPoolExecutor.java:1130)
at java.base/java.util.concurrent.ThreadPoolExecutor$Worker.run(ThreadPoolExecutor.java:630)
at java.base/java.lang.Thread.run(Thread.java:831)
]]>
    </error>
  </testcase> <!-- browserClose -->
  <testcase classname="com.leaftaps.testcases.TC005_DeleteLead" name="runLogin" time="50.556">
    <error type="java.lang.StackOverflowError">
      <![CDATA[java.lang.StackOverflowError
at java.base/java.util.regex.Pattern$GroupHead.match(Pattern.java:4801)
at java.base/java.util.regex.Pattern$Branch.match(Pattern.java:4746)
at java.base/java.util.regex.Pattern$Branch.match(Pattern.java:4744)
at java.base/java.util.regex.Pattern$Branch.match(Pattern.java:4744)
at java.base/java.util.regex.Pattern$BranchConn.match(Pattern.java:4710)
at java.base/java.util.regex.Pattern$GroupTail.match(Pattern.java:4832)
at java.base/java.util.regex.Pattern$BmpCharPropertyGreedy.match(Pattern.java:4341)
at java.base/java.util.regex.Pattern$GroupHead.match(Pattern.java:4801)
at java.base/java.util.regex.Pattern$Branch.match(Pattern.java:4746)
at java.base/java.util.regex.Pattern$Branch.match(Pattern.java:4744)
at java.base/java.util.regex.Pattern$BmpCharProperty.match(Pattern.java:3967)
at java.base/java.util.regex.Pattern$Start.match(Pattern.java:3620)
at java.base/java.util.regex.Matcher.search(Matcher.java:1728)
at java.base/java.util.regex.Matcher.find(Matcher.java:772)
at java.base/java.util.Formatter.parse(Formatter.java:2718)
at java.base/java.util.Formatter.format(Formatter.java:2671)
at java.base/java.util.Formatter.format(Formatter.java:2625)
at java.base/java.lang.String.format(String.java:3290)
at org.openqa.selenium.SharedCapabilitiesMethods.lambda$abbreviate$4(SharedCapabilitiesMethods.java:115)
at java.base/java.util.stream.ReferencePipeline$3$1.accept(ReferencePipeline.java:197)
at java.base/java.util.stream.SortedOps$SizedRefSortingSink.end(SortedOps.java:357)
at java.base/java.util.stream.AbstractPipeline.copyInto(AbstractPipeline.java:485)
at java.base/java.util.stream.AbstractPipeline.wrapAndCopyInto(AbstractPipeline.java:474)
at java.base/java.util.stream.ReduceOps$ReduceOp.evaluateSequential(ReduceOps.java:913)
at java.base/java.util.stream.AbstractPipeline.evaluate(AbstractPipeline.java:234)
at java.base/java.util.stream.ReferencePipeline.collect(ReferencePipeline.java:682)
at org.openqa.selenium.SharedCapabilitiesMethods.abbreviate(SharedCapabilitiesMethods.java:117)
at org.openqa.selenium.SharedCapabilitiesMethods.lambda$abbreviate$4(SharedCapabilitiesMethods.java:116)
at java.base/java.util.stream.ReferencePipeline$3$1.accept(ReferencePipeline.java:197)
at java.base/java.util.stream.SortedOps$SizedRefSortingSink.end(SortedOps.java:357)
at java.base/java.util.stream.AbstractPipeline.copyInto(AbstractPipeline.java:485)
at java.base/java.util.stream.AbstractPipeline.wrapAndCopyInto(AbstractPipeline.java:474)
at java.base/java.util.stream.ReduceOps$ReduceOp.evaluateSequential(ReduceOps.java:913)
at java.base/java.util.stream.AbstractPipeline.evaluate(AbstractPipeline.java:234)
at java.base/java.util.stream.ReferencePipeline.collect(ReferencePipeline.java:682)
at org.openqa.selenium.SharedCapabilitiesMethods.abbreviate(SharedCapabilitiesMethods.java:117)
at org.openqa.selenium.SharedCapabilitiesMethods.toString(SharedCapabilitiesMethods.java:84)
at org.openqa.selenium.ImmutableCapabilities.toString(ImmutableCapabilities.java:184)
at org.openqa.selenium.remote.RemoteWebDriver.populateWebDriverException(RemoteWebDriver.java:613)
at org.openqa.selenium.remote.RemoteWebDriver.execute(RemoteWebDriver.java:576)
at org.openqa.selenium.remote.RemoteWebDriver.execute(RemoteWebDriver.java:618)
at org.openqa.selenium.remote.RemoteWebDriver.execute(RemoteWebDriver.java:622)
at org.openqa.selenium.remote.RemoteWebDriver.getScreenshotAs(RemoteWebDriver.java:334)
at com.framework.selenium.api.base.SeleniumBase.takeSnap(SeleniumBase.java:924)
at com.framework.utils.Reporter.reportStep(Reporter.java:95)
at com.framework.utils.Reporter.reportStep(Reporter.java:128)
at com.framework.selenium.api.base.SeleniumBase.takeSnap(SeleniumBase.java:927)
at com.framework.utils.Reporter.reportStep(Reporter.java:95)
at com.framework.utils.Reporter.reportStep(Reporter.java:128)
at com.framework.selenium.api.base.SeleniumBase.takeSnap(SeleniumBase.java:927)
at com.framework.utils.Reporter.reportStep(Reporter.java:95)
at com.framework.utils.Reporter.reportStep(Reporter.java:128)
at com.framework.selenium.api.base.SeleniumBase.takeSnap(SeleniumBase.java:927)
at com.framework.utils.Reporter.reportStep(Reporter.java:95)
at com.framework.utils.Reporter.reportStep(Reporter.java:128)
at com.framework.selenium.api.base.SeleniumBase.takeSnap(SeleniumBase.java:927)
at com.framework.utils.Reporter.reportStep(Reporter.java:95)
at com.framework.utils.Reporter.reportStep(Reporter.java:128)
at com.framework.selenium.api.base.SeleniumBase.takeSnap(SeleniumBase.java:927)
at com.framework.utils.Reporter.reportStep(Reporter.java:95)
at com.framework.utils.Reporter.reportStep(Reporter.java:128)
at com.framework.selenium.api.base.SeleniumBase.takeSnap(SeleniumBase.java:927)
at com.framework.utils.Reporter.reportStep(Reporter.java:95)
at com.framework.utils.Reporter.reportStep(Reporter.java:128)
at com.framework.selenium.api.base.SeleniumBase.takeSnap(SeleniumBase.java:927)
at com.framework.utils.Reporter.reportStep(Reporter.java:95)
at com.framework.utils.Reporter.reportStep(Reporter.java:128)
at com.framework.selenium.api.base.SeleniumBase.takeSnap(SeleniumBase.java:927)
at com.framework.utils.Reporter.reportStep(Reporter.java:95)
at com.framework.utils.Reporter.reportStep(Reporter.java:128)
at com.framework.selenium.api.base.SeleniumBase.takeSnap(SeleniumBase.java:927)
at com.framework.utils.Reporter.reportStep(Reporter.java:95)
at com.framework.utils.Reporter.reportStep(Reporter.java:128)
at com.framework.selenium.api.base.SeleniumBase.takeSnap(SeleniumBase.java:927)
at com.framework.utils.Reporter.reportStep(Reporter.java:95)
at com.framework.utils.Reporter.reportStep(Reporter.java:128)
at com.framework.selenium.api.base.SeleniumBase.takeSnap(SeleniumBase.java:927)
at com.framework.utils.Reporter.reportStep(Reporter.java:95)
at com.framework.utils.Reporter.reportStep(Reporter.java:128)
at com.framework.selenium.api.base.SeleniumBase.takeSnap(SeleniumBase.java:927)
at com.framework.utils.Reporter.reportStep(Reporter.java:95)
at com.framework.utils.Reporter.reportStep(Reporter.java:128)
at com.framework.selenium.api.base.SeleniumBase.takeSnap(SeleniumBase.java:927)
at com.framework.utils.Reporter.reportStep(Reporter.java:95)
at com.framework.utils.Reporter.reportStep(Reporter.java:128)
at com.framework.selenium.api.base.SeleniumBase.takeSnap(SeleniumBase.java:927)
at com.framework.utils.Reporter.reportStep(Reporter.java:95)
at com.framework.utils.Reporter.reportStep(Reporter.java:128)
at com.framework.selenium.api.base.SeleniumBase.takeSnap(SeleniumBase.java:927)
at com.framework.utils.Reporter.reportStep(Reporter.java:95)
at com.framework.utils.Reporter.reportStep(Reporter.java:128)
at com.framework.selenium.api.base.SeleniumBase.takeSnap(SeleniumBase.java:927)
at com.framework.utils.Reporter.reportStep(Reporter.java:95)
at com.framework.utils.Reporter.reportStep(Reporter.java:128)
at com.framework.selenium.api.base.SeleniumBase.takeSnap(SeleniumBase.java:927)
at com.framework.utils.Reporter.reportStep(Reporter.java:95)
at com.framework.utils.Reporter.reportStep(Reporter.java:128)
at com.framework.selenium.api.base.SeleniumBase.takeSnap(SeleniumBase.java:927)
at com.framework.utils.Reporter.reportStep(Reporter.java:95)
at com.framework.utils.Reporter.reportStep(Reporter.java:128)
at com.framework.selenium.api.base.SeleniumBase.takeSnap(SeleniumBase.java:927)
at com.framework.utils.Reporter.reportStep(Reporter.java:95)
at com.framework.utils.Reporter.reportStep(Reporter.java:128)
at com.framework.selenium.api.base.SeleniumBase.takeSnap(SeleniumBase.java:927)
at com.framework.utils.Reporter.reportStep(Reporter.java:95)
at com.framework.utils.Reporter.reportStep(Reporter.java:128)
at com.framework.selenium.api.base.SeleniumBase.takeSnap(SeleniumBase.java:927)
at com.framework.utils.Reporter.reportStep(Reporter.java:95)
at com.framework.utils.Reporter.reportStep(Reporter.java:128)
at com.framework.selenium.api.base.SeleniumBase.takeSnap(SeleniumBase.java:927)
at com.framework.utils.Reporter.reportStep(Reporter.java:95)
at com.framework.utils.Reporter.reportStep(Reporter.java:128)
at com.framework.selenium.api.base.SeleniumBase.takeSnap(SeleniumBase.java:927)
at com.framework.utils.Reporter.reportStep(Reporter.java:95)
at com.framework.utils.Reporter.reportStep(Reporter.java:128)
at com.framework.selenium.api.base.SeleniumBase.takeSnap(SeleniumBase.java:927)
at com.framework.utils.Reporter.reportStep(Reporter.java:95)
at com.framework.utils.Reporter.reportStep(Reporter.java:128)
at com.framework.selenium.api.base.SeleniumBase.takeSnap(SeleniumBase.java:927)
at com.framework.utils.Reporter.reportStep(Reporter.java:95)
at com.framework.utils.Reporter.reportStep(Reporter.java:128)
at com.framework.selenium.api.base.SeleniumBase.takeSnap(SeleniumBase.java:927)
at com.framework.utils.Reporter.reportStep(Reporter.java:95)
at com.framework.utils.Reporter.reportStep(Reporter.java:128)
at com.framework.selenium.api.base.SeleniumBase.takeSnap(SeleniumBase.java:927)
at com.framework.utils.Reporter.reportStep(Reporter.java:95)
at com.framework.utils.Reporter.reportStep(Reporter.java:128)
at com.framework.selenium.api.base.SeleniumBase.takeSnap(SeleniumBase.java:927)
at com.framework.utils.Reporter.reportStep(Reporter.java:95)
at com.framework.utils.Reporter.reportStep(Reporter.java:128)
at com.framework.selenium.api.base.SeleniumBase.takeSnap(SeleniumBase.java:927)
at com.framework.utils.Reporter.reportStep(Reporter.java:95)
at com.framework.utils.Reporter.reportStep(Reporter.java:128)
at com.framework.selenium.api.base.SeleniumBase.takeSnap(SeleniumBase.java:927)
at com.framework.utils.Reporter.reportStep(Reporter.java:95)
at com.framework.utils.Reporter.reportStep(Reporter.java:128)
at com.framework.selenium.api.base.SeleniumBase.takeSnap(SeleniumBase.java:927)
at com.framework.utils.Reporter.reportStep(Reporter.java:95)
at com.framework.utils.Reporter.reportStep(Reporter.java:128)
at com.framework.selenium.api.base.SeleniumBase.takeSnap(SeleniumBase.java:927)
at com.framework.utils.Reporter.reportStep(Reporter.java:95)
at com.framework.utils.Reporter.reportStep(Reporter.java:128)
at com.framework.selenium.api.base.SeleniumBase.takeSnap(SeleniumBase.java:927)
at com.framework.utils.Reporter.reportStep(Reporter.java:95)
at com.framework.utils.Reporter.reportStep(Reporter.java:128)
at com.framework.selenium.api.base.SeleniumBase.takeSnap(SeleniumBase.java:927)
at com.framework.utils.Reporter.reportStep(Reporter.java:95)
at com.framework.utils.Reporter.reportStep(Reporter.java:128)
at com.framework.selenium.api.base.SeleniumBase.takeSnap(SeleniumBase.java:927)
at com.framework.utils.Reporter.reportStep(Reporter.java:95)
at com.framework.utils.Reporter.reportStep(Reporter.java:128)
at com.framework.selenium.api.base.SeleniumBase.takeSnap(SeleniumBase.java:927)
at com.framework.utils.Reporter.reportStep(Reporter.java:95)
at com.framework.utils.Reporter.reportStep(Reporter.java:128)
at com.framework.selenium.api.base.SeleniumBase.takeSnap(SeleniumBase.java:927)
at com.framework.utils.Reporter.reportStep(Reporter.java:95)
at com.framework.utils.Reporter.reportStep(Reporter.java:128)
at com.framework.selenium.api.base.SeleniumBase.takeSnap(SeleniumBase.java:927)
at com.framework.utils.Reporter.reportStep(Reporter.java:95)
at com.framework.utils.Reporter.reportStep(Reporter.java:128)
at com.framework.selenium.api.base.SeleniumBase.takeSnap(SeleniumBase.java:927)
at com.framework.utils.Reporter.reportStep(Reporter.java:95)
at com.framework.utils.Reporter.reportStep(Reporter.java:128)
at com.framework.selenium.api.base.SeleniumBase.takeSnap(SeleniumBase.java:927)
at com.framework.utils.Reporter.reportStep(Reporter.java:95)
at com.framework.utils.Reporter.reportStep(Reporter.java:128)
at com.framework.selenium.api.base.SeleniumBase.takeSnap(SeleniumBase.java:927)
at com.framework.utils.Reporter.reportStep(Reporter.java:95)
at com.framework.utils.Reporter.reportStep(Reporter.java:128)
at com.framework.selenium.api.base.SeleniumBase.takeSnap(SeleniumBase.java:927)
at com.framework.utils.Reporter.reportStep(Reporter.java:95)
at com.framework.utils.Reporter.reportStep(Reporter.java:128)
at com.framework.selenium.api.base.SeleniumBase.takeSnap(SeleniumBase.java:927)
at com.framework.utils.Reporter.reportStep(Reporter.java:95)
at com.framework.utils.Reporter.reportStep(Reporter.java:128)
at com.framework.selenium.api.base.SeleniumBase.takeSnap(SeleniumBase.java:927)
at com.framework.utils.Reporter.reportStep(Reporter.java:95)
at com.framework.utils.Reporter.reportStep(Reporter.java:128)
at com.framework.selenium.api.base.SeleniumBase.takeSnap(SeleniumBase.java:927)
at com.framework.utils.Reporter.reportStep(Reporter.java:95)
at com.framework.utils.Reporter.reportStep(Reporter.java:128)
at com.framework.selenium.api.base.SeleniumBase.takeSnap(SeleniumBase.java:927)
at com.framework.utils.Reporter.reportStep(Reporter.java:95)
at com.framework.utils.Reporter.reportStep(Reporter.java:128)
at com.framework.selenium.api.base.SeleniumBase.takeSnap(SeleniumBase.java:927)
at com.framework.utils.Reporter.reportStep(Reporter.java:95)
at com.framework.utils.Reporter.reportStep(Reporter.java:128)
at com.framework.selenium.api.base.SeleniumBase.takeSnap(SeleniumBase.java:927)
at com.framework.utils.Reporter.reportStep(Reporter.java:95)
at com.framework.utils.Reporter.reportStep(Reporter.java:128)
at com.framework.selenium.api.base.SeleniumBase.takeSnap(SeleniumBase.java:927)
at com.framework.utils.Reporter.reportStep(Reporter.java:95)
at com.framework.utils.Reporter.reportStep(Reporter.java:128)
at com.framework.selenium.api.base.SeleniumBase.takeSnap(SeleniumBase.java:927)
at com.framework.utils.Reporter.reportStep(Reporter.java:95)
at com.framework.utils.Reporter.reportStep(Reporter.java:128)
at com.framework.selenium.api.base.SeleniumBase.takeSnap(SeleniumBase.java:927)
at com.framework.utils.Reporter.reportStep(Reporter.java:95)
at com.framework.utils.Reporter.reportStep(Reporter.java:128)
at com.framework.selenium.api.base.SeleniumBase.takeSnap(SeleniumBase.java:927)
at com.framework.utils.Reporter.reportStep(Reporter.java:95)
at com.framework.utils.Reporter.reportStep(Reporter.java:128)
at com.framework.selenium.api.base.SeleniumBase.takeSnap(SeleniumBase.java:927)
at com.framework.utils.Reporter.reportStep(Reporter.java:95)
at com.framework.utils.Reporter.reportStep(Reporter.java:128)
at com.framework.selenium.api.base.SeleniumBase.takeSnap(SeleniumBase.java:927)
at com.framework.utils.Reporter.reportStep(Reporter.java:95)
at com.framework.utils.Reporter.reportStep(Reporter.java:128)
at com.framework.selenium.api.base.SeleniumBase.takeSnap(SeleniumBase.java:927)
at com.framework.utils.Reporter.reportStep(Reporter.java:95)
at com.framework.utils.Reporter.reportStep(Reporter.java:128)
at com.framework.selenium.api.base.SeleniumBase.takeSnap(SeleniumBase.java:927)
at com.framework.utils.Reporter.reportStep(Reporter.java:95)
at com.framework.utils.Reporter.reportStep(Reporter.java:128)
at com.framework.selenium.api.base.SeleniumBase.takeSnap(SeleniumBase.java:927)
at com.framework.utils.Reporter.reportStep(Reporter.java:95)
at com.framework.utils.Reporter.reportStep(Reporter.java:128)
at com.framework.selenium.api.base.SeleniumBase.takeSnap(SeleniumBase.java:927)
at com.framework.utils.Reporter.reportStep(Reporter.java:95)
at com.framework.utils.Reporter.reportStep(Reporter.java:128)
at com.framework.selenium.api.base.SeleniumBase.takeSnap(SeleniumBase.java:927)
at com.framework.utils.Reporter.reportStep(Reporter.java:95)
at com.framework.utils.Reporter.reportStep(Reporter.java:128)
at com.framework.selenium.api.base.SeleniumBase.takeSnap(SeleniumBase.java:927)
at com.framework.utils.Reporter.reportStep(Reporter.java:95)
at com.framework.utils.Reporter.reportStep(Reporter.java:128)
at com.framework.selenium.api.base.SeleniumBase.takeSnap(SeleniumBase.java:927)
at com.framework.utils.Reporter.reportStep(Reporter.java:95)
at com.framework.utils.Reporter.reportStep(Reporter.java:128)
at com.framework.selenium.api.base.SeleniumBase.takeSnap(SeleniumBase.java:927)
at com.framework.utils.Reporter.reportStep(Reporter.java:95)
at com.framework.utils.Reporter.reportStep(Reporter.java:128)
at com.framework.selenium.api.base.SeleniumBase.takeSnap(SeleniumBase.java:927)
at com.framework.utils.Reporter.reportStep(Reporter.java:95)
at com.framework.utils.Reporter.reportStep(Reporter.java:128)
at com.framework.selenium.api.base.SeleniumBase.takeSnap(SeleniumBase.java:927)
at com.framework.utils.Reporter.reportStep(Reporter.java:95)
at com.framework.utils.Reporter.reportStep(Reporter.java:128)
at com.framework.selenium.api.base.SeleniumBase.takeSnap(SeleniumBase.java:927)
at com.framework.utils.Reporter.reportStep(Reporter.java:95)
at com.framework.utils.Reporter.reportStep(Reporter.java:128)
at com.framework.selenium.api.base.SeleniumBase.takeSnap(SeleniumBase.java:927)
at com.framework.utils.Reporter.reportStep(Reporter.java:95)
at com.framework.utils.Reporter.reportStep(Reporter.java:128)
at com.framework.selenium.api.base.SeleniumBase.takeSnap(SeleniumBase.java:927)
at com.framework.utils.Reporter.reportStep(Reporter.java:95)
at com.framework.utils.Reporter.reportStep(Reporter.java:128)
at com.framework.selenium.api.base.SeleniumBase.takeSnap(SeleniumBase.java:927)
at com.framework.utils.Reporter.reportStep(Reporter.java:95)
at com.framework.utils.Reporter.reportStep(Reporter.java:128)
at com.framework.selenium.api.base.SeleniumBase.takeSnap(SeleniumBase.java:927)
at com.framework.utils.Reporter.reportStep(Reporter.java:95)
at com.framework.utils.Reporter.reportStep(Reporter.java:128)
at com.framework.selenium.api.base.SeleniumBase.takeSnap(SeleniumBase.java:927)
at com.framework.utils.Reporter.reportStep(Reporter.java:95)
at com.framework.utils.Reporter.reportStep(Reporter.java:128)
at com.framework.selenium.api.base.SeleniumBase.takeSnap(SeleniumBase.java:927)
at com.framework.utils.Reporter.reportStep(Reporter.java:95)
at com.framework.utils.Reporter.reportStep(Reporter.java:128)
at com.framework.selenium.api.base.SeleniumBase.takeSnap(SeleniumBase.java:927)
at com.framework.utils.Reporter.reportStep(Reporter.java:95)
at com.framework.utils.Reporter.reportStep(Reporter.java:128)
at com.framework.selenium.api.base.SeleniumBase.takeSnap(SeleniumBase.java:927)
at com.framework.utils.Reporter.reportStep(Reporter.java:95)
at com.framework.utils.Reporter.reportStep(Reporter.java:128)
at com.framework.selenium.api.base.SeleniumBase.takeSnap(SeleniumBase.java:927)
at com.framework.utils.Reporter.reportStep(Reporter.java:95)
at com.framework.utils.Reporter.reportStep(Reporter.java:128)
at com.framework.selenium.api.base.SeleniumBase.takeSnap(SeleniumBase.java:927)
at com.framework.utils.Reporter.reportStep(Reporter.java:95)
at com.framework.utils.Reporter.reportStep(Reporter.java:128)
at com.framework.selenium.api.base.SeleniumBase.takeSnap(SeleniumBase.java:927)
at com.framework.utils.Reporter.reportStep(Reporter.java:95)
at com.framework.utils.Reporter.reportStep(Reporter.java:128)
at com.framework.selenium.api.base.SeleniumBase.takeSnap(SeleniumBase.java:927)
at com.framework.utils.Reporter.reportStep(Reporter.java:95)
at com.framework.utils.Reporter.reportStep(Reporter.java:128)
at com.framework.selenium.api.base.SeleniumBase.takeSnap(SeleniumBase.java:927)
at com.framework.utils.Reporter.reportStep(Reporter.java:95)
at com.framework.utils.Reporter.reportStep(Reporter.java:128)
at com.framework.selenium.api.base.SeleniumBase.takeSnap(SeleniumBase.java:927)
at com.framework.utils.Reporter.reportStep(Reporter.java:95)
at com.framework.utils.Reporter.reportStep(Reporter.java:128)
at com.framework.selenium.api.base.SeleniumBase.takeSnap(SeleniumBase.java:927)
at com.framework.utils.Reporter.reportStep(Reporter.java:95)
at com.framework.utils.Reporter.reportStep(Reporter.java:128)
at com.framework.selenium.api.base.SeleniumBase.takeSnap(SeleniumBase.java:927)
at com.framework.utils.Reporter.reportStep(Reporter.java:95)
at com.framework.utils.Reporter.reportStep(Reporter.java:128)
at com.framework.selenium.api.base.SeleniumBase.takeSnap(SeleniumBase.java:927)
at com.framework.utils.Reporter.reportStep(Reporter.java:95)
at com.framework.utils.Reporter.reportStep(Reporter.java:128)
at com.framework.selenium.api.base.SeleniumBase.takeSnap(SeleniumBase.java:927)
at com.framework.utils.Reporter.reportStep(Reporter.java:95)
at com.framework.utils.Reporter.reportStep(Reporter.java:128)
at com.framework.selenium.api.base.SeleniumBase.takeSnap(SeleniumBase.java:927)
at com.framework.utils.Reporter.reportStep(Reporter.java:95)
at com.framework.utils.Reporter.reportStep(Reporter.java:128)
at com.framework.selenium.api.base.SeleniumBase.takeSnap(SeleniumBase.java:927)
at com.framework.utils.Reporter.reportStep(Reporter.java:95)
at com.framework.utils.Reporter.reportStep(Reporter.java:128)
at com.framework.selenium.api.base.SeleniumBase.takeSnap(SeleniumBase.java:927)
at com.framework.utils.Reporter.reportStep(Reporter.java:95)
at com.framework.utils.Reporter.reportStep(Reporter.java:128)
at com.framework.selenium.api.base.SeleniumBase.takeSnap(SeleniumBase.java:927)
at com.framework.utils.Reporter.reportStep(Reporter.java:95)
at com.framework.utils.Reporter.reportStep(Reporter.java:128)
at com.framework.selenium.api.base.SeleniumBase.takeSnap(SeleniumBase.java:927)
at com.framework.utils.Reporter.reportStep(Reporter.java:95)
at com.framework.utils.Reporter.reportStep(Reporter.java:128)
at com.framework.selenium.api.base.SeleniumBase.takeSnap(SeleniumBase.java:927)
at com.framework.utils.Reporter.reportStep(Reporter.java:95)
at com.framework.utils.Reporter.reportStep(Reporter.java:128)
at com.framework.selenium.api.base.SeleniumBase.takeSnap(SeleniumBase.java:927)
at com.framework.utils.Reporter.reportStep(Reporter.java:95)
at com.framework.utils.Reporter.reportStep(Reporter.java:128)
at com.framework.selenium.api.base.SeleniumBase.takeSnap(SeleniumBase.java:927)
at com.framework.utils.Reporter.reportStep(Reporter.java:95)
at com.framework.utils.Reporter.reportStep(Reporter.java:128)
at com.framework.selenium.api.base.SeleniumBase.takeSnap(SeleniumBase.java:927)
at com.framework.utils.Reporter.reportStep(Reporter.java:95)
at com.framework.utils.Reporter.reportStep(Reporter.java:128)
at com.framework.selenium.api.base.SeleniumBase.takeSnap(SeleniumBase.java:927)
at com.framework.utils.Reporter.reportStep(Reporter.java:95)
at com.framework.utils.Reporter.reportStep(Reporter.java:128)
at com.framework.selenium.api.base.SeleniumBase.takeSnap(SeleniumBase.java:927)
at com.framework.utils.Reporter.reportStep(Reporter.java:95)
at com.framework.utils.Reporter.reportStep(Reporter.java:128)
at com.framework.selenium.api.base.SeleniumBase.takeSnap(SeleniumBase.java:927)
at com.framework.utils.Reporter.reportStep(Reporter.java:95)
at com.framework.utils.Reporter.reportStep(Reporter.java:128)
at com.framework.selenium.api.base.SeleniumBase.takeSnap(SeleniumBase.java:927)
at com.framework.utils.Reporter.reportStep(Reporter.java:95)
at com.framework.utils.Reporter.reportStep(Reporter.java:128)
at com.framework.selenium.api.base.SeleniumBase.takeSnap(SeleniumBase.java:927)
at com.framework.utils.Reporter.reportStep(Reporter.java:95)
at com.framework.utils.Reporter.reportStep(Reporter.java:128)
at com.framework.selenium.api.base.SeleniumBase.takeSnap(SeleniumBase.java:927)
at com.framework.utils.Reporter.reportStep(Reporter.java:95)
at com.framework.utils.Reporter.reportStep(Reporter.java:128)
at com.framework.selenium.api.base.SeleniumBase.takeSnap(SeleniumBase.java:927)
at com.framework.utils.Reporter.reportStep(Reporter.java:95)
at com.framework.utils.Reporter.reportStep(Reporter.java:128)
at com.framework.selenium.api.base.SeleniumBase.takeSnap(SeleniumBase.java:927)
at com.framework.utils.Reporter.reportStep(Reporter.java:95)
at com.framework.utils.Reporter.reportStep(Reporter.java:128)
at com.framework.selenium.api.base.SeleniumBase.takeSnap(SeleniumBase.java:927)
at com.framework.utils.Reporter.reportStep(Reporter.java:95)
at com.framework.utils.Reporter.reportStep(Reporter.java:128)
at com.framework.selenium.api.base.SeleniumBase.takeSnap(SeleniumBase.java:927)
at com.framework.utils.Reporter.reportStep(Reporter.java:95)
at com.framework.utils.Reporter.reportStep(Reporter.java:128)
at com.framework.selenium.api.base.SeleniumBase.takeSnap(SeleniumBase.java:927)
at com.framework.utils.Reporter.reportStep(Reporter.java:95)
at com.framework.utils.Reporter.reportStep(Reporter.java:128)
at com.framework.selenium.api.base.SeleniumBase.takeSnap(SeleniumBase.java:927)
at com.framework.utils.Reporter.reportStep(Reporter.java:95)
at com.framework.utils.Reporter.reportStep(Reporter.java:128)
at com.framework.selenium.api.base.SeleniumBase.takeSnap(SeleniumBase.java:927)
at com.framework.utils.Reporter.reportStep(Reporter.java:95)
at com.framework.utils.Reporter.reportStep(Reporter.java:128)
at com.framework.selenium.api.base.SeleniumBase.takeSnap(SeleniumBase.java:927)
at com.framework.utils.Reporter.reportStep(Reporter.java:95)
at com.framework.utils.Reporter.reportStep(Reporter.java:128)
at com.framework.selenium.api.base.SeleniumBase.takeSnap(SeleniumBase.java:927)
at com.framework.utils.Reporter.reportStep(Reporter.java:95)
at com.framework.utils.Reporter.reportStep(Reporter.java:128)
at com.framework.selenium.api.base.SeleniumBase.takeSnap(SeleniumBase.java:927)
at com.framework.utils.Reporter.reportStep(Reporter.java:95)
at com.framework.utils.Reporter.reportStep(Reporter.java:128)
at com.framework.selenium.api.base.SeleniumBase.takeSnap(SeleniumBase.java:927)
at com.framework.utils.Reporter.reportStep(Reporter.java:95)
at com.framework.utils.Reporter.reportStep(Reporter.java:128)
at com.framework.selenium.api.base.SeleniumBase.takeSnap(SeleniumBase.java:927)
at com.framework.utils.Reporter.reportStep(Reporter.java:95)
at com.framework.utils.Reporter.reportStep(Reporter.java:128)
at com.framework.selenium.api.base.SeleniumBase.takeSnap(SeleniumBase.java:927)
at com.framework.utils.Reporter.reportStep(Reporter.java:95)
at com.framework.utils.Reporter.reportStep(Reporter.java:128)
at com.framework.selenium.api.base.SeleniumBase.takeSnap(SeleniumBase.java:927)
at com.framework.utils.Reporter.reportStep(Reporter.java:95)
at com.framework.utils.Reporter.reportStep(Reporter.java:128)
at com.framework.selenium.api.base.SeleniumBase.takeSnap(SeleniumBase.java:927)
at com.framework.utils.Reporter.reportStep(Reporter.java:95)
at com.framework.utils.Reporter.reportStep(Reporter.java:128)
at com.framework.selenium.api.base.SeleniumBase.takeSnap(SeleniumBase.java:927)
at com.framework.utils.Reporter.reportStep(Reporter.java:95)
at com.framework.utils.Reporter.reportStep(Reporter.java:128)
at com.framework.selenium.api.base.SeleniumBase.takeSnap(SeleniumBase.java:927)
at com.framework.utils.Reporter.reportStep(Reporter.java:95)
at com.framework.utils.Reporter.reportStep(Reporter.java:128)
at com.framework.selenium.api.base.SeleniumBase.takeSnap(SeleniumBase.java:927)
at com.framework.utils.Reporter.reportStep(Reporter.java:95)
at com.framework.utils.Reporter.reportStep(Reporter.java:128)
at com.framework.selenium.api.base.SeleniumBase.takeSnap(SeleniumBase.java:927)
at com.framework.utils.Reporter.reportStep(Reporter.java:95)
at com.framework.utils.Reporter.reportStep(Reporter.java:128)
at com.framework.selenium.api.base.SeleniumBase.takeSnap(SeleniumBase.java:927)
at com.framework.utils.Reporter.reportStep(Reporter.java:95)
at com.framework.utils.Reporter.reportStep(Reporter.java:128)
at com.framework.selenium.api.base.SeleniumBase.takeSnap(SeleniumBase.java:927)
at com.framework.utils.Reporter.reportStep(Reporter.java:95)
at com.framework.utils.Reporter.reportStep(Reporter.java:128)
at com.framework.selenium.api.base.SeleniumBase.takeSnap(SeleniumBase.java:927)
at com.framework.utils.Reporter.reportStep(Reporter.java:95)
at com.framework.utils.Reporter.reportStep(Reporter.java:128)
at com.framework.selenium.api.base.SeleniumBase.takeSnap(SeleniumBase.java:927)
at com.framework.utils.Reporter.reportStep(Reporter.java:95)
at com.framework.utils.Reporter.reportStep(Reporter.java:128)
at com.framework.selenium.api.base.SeleniumBase.takeSnap(SeleniumBase.java:927)
at com.framework.utils.Reporter.reportStep(Reporter.java:95)
at com.framework.utils.Reporter.reportStep(Reporter.java:128)
at com.framework.selenium.api.base.SeleniumBase.takeSnap(SeleniumBase.java:927)
at com.framework.utils.Reporter.reportStep(Reporter.java:95)
at com.framework.utils.Reporter.reportStep(Reporter.java:128)
at com.framework.selenium.api.base.SeleniumBase.takeSnap(SeleniumBase.java:927)
at com.framework.utils.Reporter.reportStep(Reporter.java:95)
at com.framework.utils.Reporter.reportStep(Reporter.java:128)
at com.framework.selenium.api.base.SeleniumBase.takeSnap(SeleniumBase.java:927)
at com.framework.utils.Reporter.reportStep(Reporter.java:95)
at com.framework.utils.Reporter.reportStep(Reporter.java:128)
at com.framework.selenium.api.base.SeleniumBase.takeSnap(SeleniumBase.java:927)
at com.framework.utils.Reporter.reportStep(Reporter.java:95)
at com.framework.utils.Reporter.reportStep(Reporter.java:128)
at com.framework.selenium.api.base.SeleniumBase.takeSnap(SeleniumBase.java:927)
at com.framework.utils.Reporter.reportStep(Reporter.java:95)
at com.framework.utils.Reporter.reportStep(Reporter.java:128)
at com.framework.selenium.api.base.SeleniumBase.takeSnap(SeleniumBase.java:927)
at com.framework.utils.Reporter.reportStep(Reporter.java:95)
at com.framework.utils.Reporter.reportStep(Reporter.java:128)
at com.framework.selenium.api.base.SeleniumBase.takeSnap(SeleniumBase.java:927)
at com.framework.utils.Reporter.reportStep(Reporter.java:95)
at com.framework.utils.Reporter.reportStep(Reporter.java:128)
at com.framework.selenium.api.base.SeleniumBase.takeSnap(SeleniumBase.java:927)
at com.framework.utils.Reporter.reportStep(Reporter.java:95)
at com.framework.utils.Reporter.reportStep(Reporter.java:128)
at com.framework.selenium.api.base.SeleniumBase.takeSnap(SeleniumBase.java:927)
at com.framework.utils.Reporter.reportStep(Reporter.java:95)
at com.framework.utils.Reporter.reportStep(Reporter.java:128)
at com.framework.selenium.api.base.SeleniumBase.takeSnap(SeleniumBase.java:927)
at com.framework.utils.Reporter.reportStep(Reporter.java:95)
at com.framework.utils.Reporter.reportStep(Reporter.java:128)
at com.framework.selenium.api.base.SeleniumBase.takeSnap(SeleniumBase.java:927)
at com.framework.utils.Reporter.reportStep(Reporter.java:95)
at com.framework.utils.Reporter.reportStep(Reporter.java:128)
at com.framework.selenium.api.base.SeleniumBase.takeSnap(SeleniumBase.java:927)
at com.framework.utils.Reporter.reportStep(Reporter.java:95)
at com.framework.utils.Reporter.reportStep(Reporter.java:128)
at com.framework.selenium.api.base.SeleniumBase.takeSnap(SeleniumBase.java:927)
at com.framework.utils.Reporter.reportStep(Reporter.java:95)
at com.framework.utils.Reporter.reportStep(Reporter.java:128)
at com.framework.selenium.api.base.SeleniumBase.takeSnap(SeleniumBase.java:927)
at com.framework.utils.Reporter.reportStep(Reporter.java:95)
at com.framework.utils.Reporter.reportStep(Reporter.java:128)
at com.framework.selenium.api.base.SeleniumBase.takeSnap(SeleniumBase.java:927)
at com.framework.utils.Reporter.reportStep(Reporter.java:95)
at com.framework.utils.Reporter.reportStep(Reporter.java:128)
at com.framework.selenium.api.base.SeleniumBase.takeSnap(SeleniumBase.java:927)
at com.framework.utils.Reporter.reportStep(Reporter.java:95)
at com.framework.utils.Reporter.reportStep(Reporter.java:128)
at com.framework.selenium.api.base.SeleniumBase.takeSnap(SeleniumBase.java:927)
at com.framework.utils.Reporter.reportStep(Reporter.java:95)
at com.framework.utils.Reporter.reportStep(Reporter.java:128)
at com.framework.selenium.api.base.SeleniumBase.takeSnap(SeleniumBase.java:927)
at com.framework.utils.Reporter.reportStep(Reporter.java:95)
at com.framework.utils.Reporter.reportStep(Reporter.java:128)
at com.framework.selenium.api.base.SeleniumBase.takeSnap(SeleniumBase.java:927)
at com.framework.utils.Reporter.reportStep(Reporter.java:95)
at com.framework.utils.Reporter.reportStep(Reporter.java:128)
at com.framework.selenium.api.base.SeleniumBase.takeSnap(SeleniumBase.java:927)
at com.framework.utils.Reporter.reportStep(Reporter.java:95)
at com.framework.utils.Reporter.reportStep(Reporter.java:128)
at com.framework.selenium.api.base.SeleniumBase.takeSnap(SeleniumBase.java:927)
at com.framework.utils.Reporter.reportStep(Reporter.java:95)
at com.framework.utils.Reporter.reportStep(Reporter.java:128)
at com.framework.selenium.api.base.SeleniumBase.takeSnap(SeleniumBase.java:927)
at com.framework.utils.Reporter.reportStep(Reporter.java:95)
at com.framework.utils.Reporter.reportStep(Reporter.java:128)
at com.framework.selenium.api.base.SeleniumBase.takeSnap(SeleniumBase.java:927)
at com.framework.utils.Reporter.reportStep(Reporter.java:95)
at com.framework.utils.Reporter.reportStep(Reporter.java:128)
at com.framework.selenium.api.base.SeleniumBase.takeSnap(SeleniumBase.java:927)
at com.framework.utils.Reporter.reportStep(Reporter.java:95)
at com.framework.utils.Reporter.reportStep(Reporter.java:128)
at com.framework.selenium.api.base.SeleniumBase.takeSnap(SeleniumBase.java:927)
at com.framework.utils.Reporter.reportStep(Reporter.java:95)
at com.framework.utils.Reporter.reportStep(Reporter.java:128)
at com.framework.selenium.api.base.SeleniumBase.takeSnap(SeleniumBase.java:927)
at com.framework.utils.Reporter.reportStep(Reporter.java:95)
at com.framework.utils.Reporter.reportStep(Reporter.java:128)
at com.framework.selenium.api.base.SeleniumBase.takeSnap(SeleniumBase.java:927)
at com.framework.utils.Reporter.reportStep(Reporter.java:95)
at com.framework.utils.Reporter.reportStep(Reporter.java:128)
at com.framework.selenium.api.base.SeleniumBase.takeSnap(SeleniumBase.java:927)
at com.framework.utils.Reporter.reportStep(Reporter.java:95)
at com.framework.utils.Reporter.reportStep(Reporter.java:128)
at com.framework.selenium.api.base.SeleniumBase.takeSnap(SeleniumBase.java:927)
at com.framework.utils.Reporter.reportStep(Reporter.java:95)
at com.framework.utils.Reporter.reportStep(Reporter.java:128)
at com.framework.selenium.api.base.SeleniumBase.takeSnap(SeleniumBase.java:927)
at com.framework.utils.Reporter.reportStep(Reporter.java:95)
at com.framework.utils.Reporter.reportStep(Reporter.java:128)
at com.framework.selenium.api.base.SeleniumBase.takeSnap(SeleniumBase.java:927)
at com.framework.utils.Reporter.reportStep(Reporter.java:95)
at com.framework.utils.Reporter.reportStep(Reporter.java:128)
at com.framework.selenium.api.base.SeleniumBase.takeSnap(SeleniumBase.java:927)
at com.framework.utils.Reporter.reportStep(Reporter.java:95)
at com.framework.utils.Reporter.reportStep(Reporter.java:128)
at com.framework.selenium.api.base.SeleniumBase.takeSnap(SeleniumBase.java:927)
at com.framework.utils.Reporter.reportStep(Reporter.java:95)
at com.framework.utils.Reporter.reportStep(Reporter.java:128)
at com.framework.selenium.api.base.SeleniumBase.takeSnap(SeleniumBase.java:927)
at com.framework.utils.Reporter.reportStep(Reporter.java:95)
at com.framework.utils.Reporter.reportStep(Reporter.java:128)
at com.framework.selenium.api.base.SeleniumBase.takeSnap(SeleniumBase.java:927)
at com.framework.utils.Reporter.reportStep(Reporter.java:95)
at com.framework.utils.Reporter.reportStep(Reporter.java:128)
at com.framework.selenium.api.base.SeleniumBase.takeSnap(SeleniumBase.java:927)
at com.framework.utils.Reporter.reportStep(Reporter.java:95)
at com.framework.utils.Reporter.reportStep(Reporter.java:128)
at com.framework.selenium.api.base.SeleniumBase.takeSnap(SeleniumBase.java:927)
at com.framework.utils.Reporter.reportStep(Reporter.java:95)
at com.framework.utils.Reporter.reportStep(Reporter.java:128)
at com.framework.selenium.api.base.SeleniumBase.takeSnap(SeleniumBase.java:927)
at com.framework.utils.Reporter.reportStep(Reporter.java:95)
at com.framework.utils.Reporter.reportStep(Reporter.java:128)
at com.framework.selenium.api.base.SeleniumBase.takeSnap(SeleniumBase.java:927)
at com.framework.utils.Reporter.reportStep(Reporter.java:95)
at com.framework.utils.Reporter.reportStep(Reporter.java:128)
at com.framework.selenium.api.base.SeleniumBase.takeSnap(SeleniumBase.java:927)
at com.framework.utils.Reporter.reportStep(Reporter.java:95)
at com.framework.utils.Reporter.reportStep(Reporter.java:128)
at com.framework.selenium.api.base.SeleniumBase.takeSnap(SeleniumBase.java:927)
at com.framework.utils.Reporter.reportStep(Reporter.java:95)
at com.framework.utils.Reporter.reportStep(Reporter.java:128)
at com.framework.selenium.api.base.SeleniumBase.takeSnap(SeleniumBase.java:927)
at com.framework.utils.Reporter.reportStep(Reporter.java:95)
at com.framework.utils.Reporter.reportStep(Reporter.java:128)
at com.framework.selenium.api.base.SeleniumBase.takeSnap(SeleniumBase.java:927)
at com.framework.utils.Reporter.reportStep(Reporter.java:95)
at com.framework.utils.Reporter.reportStep(Reporter.java:128)
at com.framework.selenium.api.base.SeleniumBase.takeSnap(SeleniumBase.java:927)
at com.framework.utils.Reporter.reportStep(Reporter.java:95)
at com.framework.utils.Reporter.reportStep(Reporter.java:128)
at com.framework.selenium.api.base.SeleniumBase.takeSnap(SeleniumBase.java:927)
at com.framework.utils.Reporter.reportStep(Reporter.java:95)
at com.framework.utils.Reporter.reportStep(Reporter.java:128)
at com.framework.selenium.api.base.SeleniumBase.takeSnap(SeleniumBase.java:927)
at com.framework.utils.Reporter.reportStep(Reporter.java:95)
at com.framework.utils.Reporter.reportStep(Reporter.java:128)
at com.framework.selenium.api.base.SeleniumBase.takeSnap(SeleniumBase.java:927)
at com.framework.utils.Reporter.reportStep(Reporter.java:95)
at com.framework.utils.Reporter.reportStep(Reporter.java:128)
at com.framework.selenium.api.base.SeleniumBase.takeSnap(SeleniumBase.java:927)
at com.framework.utils.Reporter.reportStep(Reporter.java:95)
at com.framework.utils.Reporter.reportStep(Reporter.java:128)
at com.framework.selenium.api.base.SeleniumBase.takeSnap(SeleniumBase.java:927)
at com.framework.utils.Reporter.reportStep(Reporter.java:95)
at com.framework.utils.Reporter.reportStep(Reporter.java:128)
at com.framework.selenium.api.base.SeleniumBase.takeSnap(SeleniumBase.java:927)
at com.framework.utils.Reporter.reportStep(Reporter.java:95)
at com.framework.utils.Reporter.reportStep(Reporter.java:128)
at com.framework.selenium.api.base.SeleniumBase.takeSnap(SeleniumBase.java:927)
at com.framework.utils.Reporter.reportStep(Reporter.java:95)
at com.framework.utils.Reporter.reportStep(Reporter.java:128)
at com.framework.selenium.api.base.SeleniumBase.takeSnap(SeleniumBase.java:927)
at com.framework.utils.Reporter.reportStep(Reporter.java:95)
at com.framework.utils.Reporter.reportStep(Reporter.java:128)
at com.framework.selenium.api.base.SeleniumBase.takeSnap(SeleniumBase.java:927)
at com.framework.utils.Reporter.reportStep(Reporter.java:95)
at com.framework.utils.Reporter.reportStep(Reporter.java:128)
at com.framework.selenium.api.base.SeleniumBase.takeSnap(SeleniumBase.java:927)
at com.framework.utils.Reporter.reportStep(Reporter.java:95)
at com.framework.utils.Reporter.reportStep(Reporter.java:128)
at com.framework.selenium.api.base.SeleniumBase.takeSnap(SeleniumBase.java:927)
at com.framework.utils.Reporter.reportStep(Reporter.java:95)
at com.framework.utils.Reporter.reportStep(Reporter.java:128)
at com.framework.selenium.api.base.SeleniumBase.takeSnap(SeleniumBase.java:927)
at com.framework.utils.Reporter.reportStep(Reporter.java:95)
at com.framework.utils.Reporter.reportStep(Reporter.java:128)
at com.framework.selenium.api.base.SeleniumBase.takeSnap(SeleniumBase.java:927)
at com.framework.utils.Reporter.reportStep(Reporter.java:95)
at com.framework.utils.Reporter.reportStep(Reporter.java:128)
at com.framework.selenium.api.base.SeleniumBase.takeSnap(SeleniumBase.java:927)
at com.framework.utils.Reporter.reportStep(Reporter.java:95)
at com.framework.utils.Reporter.reportStep(Reporter.java:128)
at com.framework.selenium.api.base.SeleniumBase.takeSnap(SeleniumBase.java:927)
at com.framework.utils.Reporter.reportStep(Reporter.java:95)
at com.framework.utils.Reporter.reportStep(Reporter.java:128)
at com.framework.selenium.api.base.SeleniumBase.takeSnap(SeleniumBase.java:927)
at com.framework.utils.Reporter.reportStep(Reporter.java:95)
at com.framework.utils.Reporter.reportStep(Reporter.java:128)
at com.framework.selenium.api.base.SeleniumBase.takeSnap(SeleniumBase.java:927)
at com.framework.utils.Reporter.reportStep(Reporter.java:95)
at com.framework.utils.Reporter.reportStep(Reporter.java:128)
at com.framework.selenium.api.base.SeleniumBase.takeSnap(SeleniumBase.java:927)
at com.framework.utils.Reporter.reportStep(Reporter.java:95)
at com.framework.utils.Reporter.reportStep(Reporter.java:128)
at com.framework.selenium.api.base.SeleniumBase.takeSnap(SeleniumBase.java:927)
at com.framework.utils.Reporter.reportStep(Reporter.java:95)
at com.framework.utils.Reporter.reportStep(Reporter.java:128)
at com.framework.selenium.api.base.SeleniumBase.takeSnap(SeleniumBase.java:927)
at com.framework.utils.Reporter.reportStep(Reporter.java:95)
at com.framework.utils.Reporter.reportStep(Reporter.java:128)
at com.framework.selenium.api.base.SeleniumBase.takeSnap(SeleniumBase.java:927)
at com.framework.utils.Reporter.reportStep(Reporter.java:95)
at com.framework.utils.Reporter.reportStep(Reporter.java:128)
at com.framework.selenium.api.base.SeleniumBase.takeSnap(SeleniumBase.java:927)
at com.framework.utils.Reporter.reportStep(Reporter.java:95)
at com.framework.utils.Reporter.reportStep(Reporter.java:128)
at com.framework.selenium.api.base.SeleniumBase.takeSnap(SeleniumBase.java:927)
at com.framework.utils.Reporter.reportStep(Reporter.java:95)
at com.framework.utils.Reporter.reportStep(Reporter.java:128)
at com.framework.selenium.api.base.SeleniumBase.takeSnap(SeleniumBase.java:927)
at com.framework.utils.Reporter.reportStep(Reporter.java:95)
at com.framework.utils.Reporter.reportStep(Reporter.java:128)
at com.framework.selenium.api.base.SeleniumBase.takeSnap(SeleniumBase.java:927)
at com.framework.utils.Reporter.reportStep(Reporter.java:95)
at com.framework.utils.Reporter.reportStep(Reporter.java:128)
at com.framework.selenium.api.base.SeleniumBase.takeSnap(SeleniumBase.java:927)
at com.framework.utils.Reporter.reportStep(Reporter.java:95)
at com.framework.utils.Reporter.reportStep(Reporter.java:128)
at com.framework.selenium.api.base.SeleniumBase.takeSnap(SeleniumBase.java:927)
at com.framework.utils.Reporter.reportStep(Reporter.java:95)
at com.framework.utils.Reporter.reportStep(Reporter.java:128)
at com.framework.selenium.api.base.SeleniumBase.takeSnap(SeleniumBase.java:927)
at com.framework.utils.Reporter.reportStep(Reporter.java:95)
at com.framework.utils.Reporter.reportStep(Reporter.java:128)
at com.framework.selenium.api.base.SeleniumBase.takeSnap(SeleniumBase.java:927)
at com.framework.utils.Reporter.reportStep(Reporter.java:95)
at com.framework.utils.Reporter.reportStep(Reporter.java:128)
at com.framework.selenium.api.base.SeleniumBase.takeSnap(SeleniumBase.java:927)
at com.framework.utils.Reporter.reportStep(Reporter.java:95)
at com.framework.utils.Reporter.reportStep(Reporter.java:128)
at com.framework.selenium.api.base.SeleniumBase.takeSnap(SeleniumBase.java:927)
at com.framework.utils.Reporter.reportStep(Reporter.java:95)
at com.framework.utils.Reporter.reportStep(Reporter.java:128)
at com.framework.selenium.api.base.SeleniumBase.takeSnap(SeleniumBase.java:927)
at com.framework.utils.Reporter.reportStep(Reporter.java:95)
at com.framework.utils.Reporter.reportStep(Reporter.java:128)
at com.framework.selenium.api.base.SeleniumBase.takeSnap(SeleniumBase.java:927)
at com.framework.utils.Reporter.reportStep(Reporter.java:95)
at com.framework.utils.Reporter.reportStep(Reporter.java:128)
at com.framework.selenium.api.base.SeleniumBase.takeSnap(SeleniumBase.java:927)
at com.framework.utils.Reporter.reportStep(Reporter.java:95)
at com.framework.utils.Reporter.reportStep(Reporter.java:128)
at com.framework.selenium.api.base.SeleniumBase.takeSnap(SeleniumBase.java:927)
at com.framework.utils.Reporter.reportStep(Reporter.java:95)
at com.framework.utils.Reporter.reportStep(Reporter.java:128)
at com.framework.selenium.api.base.SeleniumBase.takeSnap(SeleniumBase.java:927)
at com.framework.utils.Reporter.reportStep(Reporter.java:95)
at com.framework.utils.Reporter.reportStep(Reporter.java:128)
at com.framework.selenium.api.base.SeleniumBase.takeSnap(SeleniumBase.java:927)
at com.framework.utils.Reporter.reportStep(Reporter.java:95)
at com.framework.utils.Reporter.reportStep(Reporter.java:128)
at com.framework.selenium.api.base.SeleniumBase.takeSnap(SeleniumBase.java:927)
at com.framework.utils.Reporter.reportStep(Reporter.java:95)
at com.framework.utils.Reporter.reportStep(Reporter.java:128)
at com.framework.selenium.api.base.SeleniumBase.takeSnap(SeleniumBase.java:927)
at com.framework.utils.Reporter.reportStep(Reporter.java:95)
at com.framework.utils.Reporter.reportStep(Reporter.java:128)
at com.framework.selenium.api.base.SeleniumBase.takeSnap(SeleniumBase.java:927)
at com.framework.utils.Reporter.reportStep(Reporter.java:95)
at com.framework.utils.Reporter.reportStep(Reporter.java:128)
at com.framework.selenium.api.base.SeleniumBase.takeSnap(SeleniumBase.java:927)
at com.framework.utils.Reporter.reportStep(Reporter.java:95)
at com.framework.utils.Reporter.reportStep(Reporter.java:128)
at com.framework.selenium.api.base.SeleniumBase.takeSnap(SeleniumBase.java:927)
at com.framework.utils.Reporter.reportStep(Reporter.java:95)
at com.framework.utils.Reporter.reportStep(Reporter.java:128)
at com.framework.selenium.api.base.SeleniumBase.takeSnap(SeleniumBase.java:927)
at com.framework.utils.Reporter.reportStep(Reporter.java:95)
at com.framework.utils.Reporter.reportStep(Reporter.java:128)
at com.framework.selenium.api.base.SeleniumBase.takeSnap(SeleniumBase.java:927)
at com.framework.utils.Reporter.reportStep(Reporter.java:95)
at com.framework.utils.Reporter.reportStep(Reporter.java:128)
at com.framework.selenium.api.base.SeleniumBase.takeSnap(SeleniumBase.java:927)
at com.framework.utils.Reporter.reportStep(Reporter.java:95)
at com.framework.utils.Reporter.reportStep(Reporter.java:128)
at com.framework.selenium.api.base.SeleniumBase.takeSnap(SeleniumBase.java:927)
at com.framework.utils.Reporter.reportStep(Reporter.java:95)
at com.framework.utils.Reporter.reportStep(Reporter.java:128)
at com.framework.selenium.api.base.SeleniumBase.takeSnap(SeleniumBase.java:927)
at com.framework.utils.Reporter.reportStep(Reporter.java:95)
at com.framework.utils.Reporter.reportStep(Reporter.java:128)
at com.framework.selenium.api.base.SeleniumBase.takeSnap(SeleniumBase.java:927)
at com.framework.utils.Reporter.reportStep(Reporter.java:95)
at com.framework.utils.Reporter.reportStep(Reporter.java:128)
at com.framework.selenium.api.base.SeleniumBase.takeSnap(SeleniumBase.java:927)
at com.framework.utils.Reporter.reportStep(Reporter.java:95)
at com.framework.utils.Reporter.reportStep(Reporter.java:128)
at com.framework.selenium.api.base.SeleniumBase.takeSnap(SeleniumBase.java:927)
at com.framework.utils.Reporter.reportStep(Reporter.java:95)
at com.framework.utils.Reporter.reportStep(Reporter.java:128)
at com.framework.selenium.api.base.SeleniumBase.takeSnap(SeleniumBase.java:927)
at com.framework.utils.Reporter.reportStep(Reporter.java:95)
at com.framework.utils.Reporter.reportStep(Reporter.java:128)
at com.framework.selenium.api.base.SeleniumBase.takeSnap(SeleniumBase.java:927)
at com.framework.utils.Reporter.reportStep(Reporter.java:95)
at com.framework.utils.Reporter.reportStep(Reporter.java:128)
at com.framework.selenium.api.base.SeleniumBase.takeSnap(SeleniumBase.java:927)
at com.framework.utils.Reporter.reportStep(Reporter.java:95)
at com.framework.utils.Reporter.reportStep(Reporter.java:128)
at com.framework.selenium.api.base.SeleniumBase.takeSnap(SeleniumBase.java:927)
at com.framework.utils.Reporter.reportStep(Reporter.java:95)
at com.framework.utils.Reporter.reportStep(Reporter.java:128)
at com.framework.selenium.api.base.SeleniumBase.takeSnap(SeleniumBase.java:927)
at com.framework.utils.Reporter.reportStep(Reporter.java:95)
at com.framework.utils.Reporter.reportStep(Reporter.java:128)
at com.framework.selenium.api.base.SeleniumBase.takeSnap(SeleniumBase.java:927)
at com.framework.utils.Reporter.reportStep(Reporter.java:95)
at com.framework.utils.Reporter.reportStep(Reporter.java:128)
at com.framework.selenium.api.base.SeleniumBase.takeSnap(SeleniumBase.java:927)
at com.framework.utils.Reporter.reportStep(Reporter.java:95)
at com.framework.utils.Reporter.reportStep(Reporter.java:128)
at com.framework.selenium.api.base.SeleniumBase.takeSnap(SeleniumBase.java:927)
at com.framework.utils.Reporter.reportStep(Reporter.java:95)
at com.framework.utils.Reporter.reportStep(Reporter.java:128)
at com.framework.selenium.api.base.SeleniumBase.takeSnap(SeleniumBase.java:927)
at com.framework.utils.Reporter.reportStep(Reporter.java:95)
at com.framework.utils.Reporter.reportStep(Reporter.java:128)
at com.framework.selenium.api.base.SeleniumBase.takeSnap(SeleniumBase.java:927)
at com.framework.utils.Reporter.reportStep(Reporter.java:95)
at com.framework.utils.Reporter.reportStep(Reporter.java:128)
at com.framework.selenium.api.base.SeleniumBase.takeSnap(SeleniumBase.java:927)
at com.framework.utils.Reporter.reportStep(Reporter.java:95)
at com.framework.utils.Reporter.reportStep(Reporter.java:128)
at com.framework.selenium.api.base.SeleniumBase.takeSnap(SeleniumBase.java:927)
at com.framework.utils.Reporter.reportStep(Reporter.java:95)
at com.framework.utils.Reporter.reportStep(Reporter.java:128)
at com.framework.selenium.api.base.SeleniumBase.takeSnap(SeleniumBase.java:927)
at com.framework.utils.Reporter.reportStep(Reporter.java:95)
at com.framework.utils.Reporter.reportStep(Reporter.java:128)
at com.framework.selenium.api.base.SeleniumBase.takeSnap(SeleniumBase.java:927)
at com.framework.utils.Reporter.reportStep(Reporter.java:95)
at com.framework.utils.Reporter.reportStep(Reporter.java:128)
at com.framework.selenium.api.base.SeleniumBase.takeSnap(SeleniumBase.java:927)
at com.framework.utils.Reporter.reportStep(Reporter.java:95)
at com.framework.utils.Reporter.reportStep(Reporter.java:128)
at com.framework.selenium.api.base.SeleniumBase.takeSnap(SeleniumBase.java:927)
at com.framework.utils.Reporter.reportStep(Reporter.java:95)
at com.framework.utils.Reporter.reportStep(Reporter.java:128)
at com.framework.selenium.api.base.SeleniumBase.takeSnap(SeleniumBase.java:927)
at com.framework.utils.Reporter.reportStep(Reporter.java:95)
at com.framework.utils.Reporter.reportStep(Reporter.java:128)
at com.framework.selenium.api.base.SeleniumBase.takeSnap(SeleniumBase.java:927)
at com.framework.utils.Reporter.reportStep(Reporter.java:95)
at com.framework.utils.Reporter.reportStep(Reporter.java:128)
at com.framework.selenium.api.base.SeleniumBase.takeSnap(SeleniumBase.java:927)
at com.framework.utils.Reporter.reportStep(Reporter.java:95)
at com.framework.utils.Reporter.reportStep(Reporter.java:128)
at com.framework.selenium.api.base.SeleniumBase.takeSnap(SeleniumBase.java:927)
at com.framework.utils.Reporter.reportStep(Reporter.java:95)
at com.framework.utils.Reporter.reportStep(Reporter.java:128)
at com.framework.selenium.api.base.SeleniumBase.takeSnap(SeleniumBase.java:927)
at com.framework.utils.Reporter.reportStep(Reporter.java:95)
at com.framework.utils.Reporter.reportStep(Reporter.java:128)
at com.framework.selenium.api.base.SeleniumBase.takeSnap(SeleniumBase.java:927)
at com.framework.utils.Reporter.reportStep(Reporter.java:95)
at com.framework.utils.Reporter.reportStep(Reporter.java:128)
at com.framework.selenium.api.base.SeleniumBase.takeSnap(SeleniumBase.java:927)
at com.framework.utils.Reporter.reportStep(Reporter.java:95)
at com.framework.utils.Reporter.reportStep(Reporter.java:128)
at com.framework.selenium.api.base.SeleniumBase.takeSnap(SeleniumBase.java:927)
at com.framework.utils.Reporter.reportStep(Reporter.java:95)
at com.framework.utils.Reporter.reportStep(Reporter.java:128)
at com.framework.selenium.api.base.SeleniumBase.takeSnap(SeleniumBase.java:927)
at com.framework.utils.Reporter.reportStep(Reporter.java:95)
at com.framework.utils.Reporter.reportStep(Reporter.java:128)
at com.framework.selenium.api.base.SeleniumBase.takeSnap(SeleniumBase.java:927)
at com.framework.utils.Reporter.reportStep(Reporter.java:95)
at com.framework.utils.Reporter.reportStep(Reporter.java:128)
at com.framework.selenium.api.base.SeleniumBase.takeSnap(SeleniumBase.java:927)
at com.framework.utils.Reporter.reportStep(Reporter.java:95)
at com.framework.utils.Reporter.reportStep(Reporter.java:128)
at com.framework.selenium.api.base.SeleniumBase.takeSnap(SeleniumBase.java:927)
at com.framework.utils.Reporter.reportStep(Reporter.java:95)
at com.framework.utils.Reporter.reportStep(Reporter.java:128)
at com.framework.selenium.api.base.SeleniumBase.takeSnap(SeleniumBase.java:927)
at com.framework.utils.Reporter.reportStep(Reporter.java:95)
at com.framework.utils.Reporter.reportStep(Reporter.java:128)
at com.framework.selenium.api.base.SeleniumBase.takeSnap(SeleniumBase.java:927)
at com.framework.utils.Reporter.reportStep(Reporter.java:95)
at com.framework.utils.Reporter.reportStep(Reporter.java:128)
at com.framework.selenium.api.base.SeleniumBase.takeSnap(SeleniumBase.java:927)
at com.framework.utils.Reporter.reportStep(Reporter.java:95)
at com.framework.utils.Reporter.reportStep(Reporter.java:128)
at com.framework.selenium.api.base.SeleniumBase.takeSnap(SeleniumBase.java:927)
at com.framework.utils.Reporter.reportStep(Reporter.java:95)
at com.framework.utils.Reporter.reportStep(Reporter.java:128)
at com.framework.selenium.api.base.SeleniumBase.takeSnap(SeleniumBase.java:927)
at com.framework.utils.Reporter.reportStep(Reporter.java:95)
at com.framework.utils.Reporter.reportStep(Reporter.java:128)
at com.framework.selenium.api.base.SeleniumBase.takeSnap(SeleniumBase.java:927)
at com.framework.utils.Reporter.reportStep(Reporter.java:95)
at com.framework.utils.Reporter.reportStep(Reporter.java:128)
at com.framework.selenium.api.base.SeleniumBase.takeSnap(SeleniumBase.java:927)
at com.framework.utils.Reporter.reportStep(Reporter.java:95)
at com.framework.utils.Reporter.reportStep(Reporter.java:128)
at com.framework.selenium.api.base.SeleniumBase.takeSnap(SeleniumBase.java:927)
at com.framework.utils.Reporter.reportStep(Reporter.java:95)
at com.framework.utils.Reporter.reportStep(Reporter.java:128)
at com.framework.selenium.api.base.SeleniumBase.takeSnap(SeleniumBase.java:927)
at com.framework.utils.Reporter.reportStep(Reporter.java:95)
at com.framework.utils.Reporter.reportStep(Reporter.java:128)
at com.framework.selenium.api.base.SeleniumBase.takeSnap(SeleniumBase.java:927)
at com.framework.utils.Reporter.reportStep(Reporter.java:95)
at com.framework.utils.Reporter.reportStep(Reporter.java:128)
at com.framework.selenium.api.base.SeleniumBase.takeSnap(SeleniumBase.java:927)
at com.framework.utils.Reporter.reportStep(Reporter.java:95)
at com.framework.utils.Reporter.reportStep(Reporter.java:128)
at com.framework.selenium.api.base.SeleniumBase.takeSnap(SeleniumBase.java:927)
at com.framework.utils.Reporter.reportStep(Reporter.java:95)
at com.framework.utils.Reporter.reportStep(Reporter.java:128)
at com.framework.selenium.api.base.SeleniumBase.takeSnap(SeleniumBase.java:927)
at com.framework.utils.Reporter.reportStep(Reporter.java:95)
at com.framework.utils.Reporter.reportStep(Reporter.java:128)
at com.framework.selenium.api.base.SeleniumBase.takeSnap(SeleniumBase.java:927)
at com.framework.utils.Reporter.reportStep(Reporter.java:95)
at com.framework.utils.Reporter.reportStep(Reporter.java:128)
at com.framework.selenium.api.base.SeleniumBase.takeSnap(SeleniumBase.java:927)
at com.framework.utils.Reporter.reportStep(Reporter.java:95)
at com.framework.utils.Reporter.reportStep(Reporter.java:128)
at com.framework.selenium.api.base.SeleniumBase.takeSnap(SeleniumBase.java:927)
at com.framework.utils.Reporter.reportStep(Reporter.java:95)
at com.framework.utils.Reporter.reportStep(Reporter.java:128)
at com.framework.selenium.api.base.SeleniumBase.takeSnap(SeleniumBase.java:927)
at com.framework.utils.Reporter.reportStep(Reporter.java:95)
at com.framework.utils.Reporter.reportStep(Reporter.java:128)
at com.framework.selenium.api.base.SeleniumBase.takeSnap(SeleniumBase.java:927)
at com.framework.utils.Reporter.reportStep(Reporter.java:95)
at com.framework.utils.Reporter.reportStep(Reporter.java:128)
at com.framework.selenium.api.base.SeleniumBase.takeSnap(SeleniumBase.java:927)
at com.framework.utils.Reporter.reportStep(Reporter.java:95)
at com.framework.utils.Reporter.reportStep(Reporter.java:128)
at com.framework.selenium.api.base.SeleniumBase.takeSnap(SeleniumBase.java:927)
at com.framework.utils.Reporter.reportStep(Reporter.java:95)
at com.framework.utils.Reporter.reportStep(Reporter.java:128)
at com.framework.selenium.api.base.SeleniumBase.takeSnap(SeleniumBase.java:927)
at com.framework.utils.Reporter.reportStep(Reporter.java:95)
at com.framework.utils.Reporter.reportStep(Reporter.java:128)
at com.framework.selenium.api.base.SeleniumBase.takeSnap(SeleniumBase.java:927)
at com.framework.utils.Reporter.reportStep(Reporter.java:95)
at com.framework.utils.Reporter.reportStep(Reporter.java:128)
at com.framework.selenium.api.base.SeleniumBase.takeSnap(SeleniumBase.java:927)
at com.framework.utils.Reporter.reportStep(Reporter.java:95)
at com.framework.utils.Reporter.reportStep(Reporter.java:128)
at com.framework.selenium.api.base.SeleniumBase.takeSnap(SeleniumBase.java:927)
at com.framework.utils.Reporter.reportStep(Reporter.java:95)
at com.framework.utils.Reporter.reportStep(Reporter.java:128)
at com.framework.selenium.api.base.SeleniumBase.takeSnap(SeleniumBase.java:927)
at com.framework.utils.Reporter.reportStep(Reporter.java:95)
at com.framework.utils.Reporter.reportStep(Reporter.java:128)
at com.framework.selenium.api.base.SeleniumBase.takeSnap(SeleniumBase.java:927)
at com.framework.utils.Reporter.reportStep(Reporter.java:95)
at com.framework.utils.Reporter.reportStep(Reporter.java:128)
at com.framework.selenium.api.base.SeleniumBase.takeSnap(SeleniumBase.java:927)
at com.framework.utils.Reporter.reportStep(Reporter.java:95)
at com.framework.utils.Reporter.reportStep(Reporter.java:128)
at com.framework.selenium.api.base.SeleniumBase.takeSnap(SeleniumBase.java:927)
at com.framework.utils.Reporter.reportStep(Reporter.java:95)
at com.framework.utils.Reporter.reportStep(Reporter.java:128)
at com.framework.selenium.api.base.SeleniumBase.takeSnap(SeleniumBase.java:927)
at com.framework.utils.Reporter.reportStep(Reporter.java:95)
at com.framework.utils.Reporter.reportStep(Reporter.java:128)
at com.framework.selenium.api.base.SeleniumBase.takeSnap(SeleniumBase.java:927)
at com.framework.utils.Reporter.reportStep(Reporter.java:95)
at com.framework.utils.Reporter.reportStep(Reporter.java:128)
at com.framework.selenium.api.base.SeleniumBase.takeSnap(SeleniumBase.java:927)
at com.framework.utils.Reporter.reportStep(Reporter.java:95)
at com.framework.utils.Reporter.reportStep(Reporter.java:128)
at com.framework.selenium.api.base.SeleniumBase.takeSnap(SeleniumBase.java:927)
at com.framework.utils.Reporter.reportStep(Reporter.java:95)
at com.framework.utils.Reporter.reportStep(Reporter.java:128)
at com.framework.selenium.api.base.SeleniumBase.takeSnap(SeleniumBase.java:927)
at com.framework.utils.Reporter.reportStep(Reporter.java:95)
at com.framework.utils.Reporter.reportStep(Reporter.java:128)
at com.framework.selenium.api.base.SeleniumBase.takeSnap(SeleniumBase.java:927)
at com.framework.utils.Reporter.reportStep(Reporter.java:95)
at com.framework.utils.Reporter.reportStep(Reporter.java:128)
at com.framework.selenium.api.base.SeleniumBase.takeSnap(SeleniumBase.java:927)
at com.framework.utils.Reporter.reportStep(Reporter.java:95)
at com.framework.utils.Reporter.reportStep(Reporter.java:128)
at com.framework.selenium.api.base.SeleniumBase.takeSnap(SeleniumBase.java:927)
at com.framework.utils.Reporter.reportStep(Reporter.java:95)
at com.framework.utils.Reporter.reportStep(Reporter.java:128)
at com.framework.selenium.api.base.SeleniumBase.takeSnap(SeleniumBase.java:927)
at com.framework.utils.Reporter.reportStep(Reporter.java:95)
at com.framework.utils.Reporter.reportStep(Reporter.java:128)
at com.framework.selenium.api.base.SeleniumBase.takeSnap(SeleniumBase.java:927)
at com.framework.utils.Reporter.reportStep(Reporter.java:95)
at com.framework.utils.Reporter.reportStep(Reporter.java:128)
at com.framework.selenium.api.base.SeleniumBase.takeSnap(SeleniumBase.java:927)
at com.framework.utils.Reporter.reportStep(Reporter.java:95)
at com.framework.utils.Reporter.reportStep(Reporter.java:128)
at com.framework.selenium.api.base.SeleniumBase.takeSnap(SeleniumBase.java:927)
at com.framework.utils.Reporter.reportStep(Reporter.java:95)
at com.framework.utils.Reporter.reportStep(Reporter.java:128)
at com.framework.selenium.api.base.SeleniumBase.takeSnap(SeleniumBase.java:927)
at com.framework.utils.Reporter.reportStep(Reporter.java:95)
at com.framework.utils.Reporter.reportStep(Reporter.java:128)
at com.framework.selenium.api.base.SeleniumBase.takeSnap(SeleniumBase.java:927)
at com.framework.utils.Reporter.reportStep(Reporter.java:95)
at com.framework.utils.Reporter.reportStep(Reporter.java:128)
at com.framework.selenium.api.base.SeleniumBase.takeSnap(SeleniumBase.java:927)
at com.framework.utils.Reporter.reportStep(Reporter.java:95)
at com.framework.utils.Reporter.reportStep(Reporter.java:128)
at com.framework.selenium.api.base.SeleniumBase.takeSnap(SeleniumBase.java:927)
at com.framework.utils.Reporter.reportStep(Reporter.java:95)
at com.framework.utils.Reporter.reportStep(Reporter.java:128)
at com.framework.selenium.api.base.SeleniumBase.takeSnap(SeleniumBase.java:927)
at com.framework.utils.Reporter.reportStep(Reporter.java:95)
at com.framework.utils.Reporter.reportStep(Reporter.java:128)
at com.framework.selenium.api.base.SeleniumBase.takeSnap(SeleniumBase.java:927)
at com.framework.utils.Reporter.reportStep(Reporter.java:95)
at com.framework.utils.Reporter.reportStep(Reporter.java:128)
at com.framework.selenium.api.base.SeleniumBase.takeSnap(SeleniumBase.java:927)
at com.framework.utils.Reporter.reportStep(Reporter.java:95)
at com.framework.utils.Reporter.reportStep(Reporter.java:128)
at com.framework.selenium.api.base.SeleniumBase.takeSnap(SeleniumBase.java:927)
at com.framework.utils.Reporter.reportStep(Reporter.java:95)
at com.framework.utils.Reporter.reportStep(Reporter.java:128)
at com.framework.selenium.api.base.SeleniumBase.takeSnap(SeleniumBase.java:927)
at com.framework.utils.Reporter.reportStep(Reporter.java:95)
at com.framework.utils.Reporter.reportStep(Reporter.java:128)
at com.framework.selenium.api.base.SeleniumBase.takeSnap(SeleniumBase.java:927)
at com.framework.utils.Reporter.reportStep(Reporter.java:95)
at com.framework.utils.Reporter.reportStep(Reporter.java:128)
at com.framework.selenium.api.base.SeleniumBase.takeSnap(SeleniumBase.java:927)
at com.framework.utils.Reporter.reportStep(Reporter.java:95)
at com.framework.utils.Reporter.reportStep(Reporter.java:128)
at com.framework.selenium.api.base.SeleniumBase.takeSnap(SeleniumBase.java:927)
at com.framework.utils.Reporter.reportStep(Reporter.java:95)
at com.framework.utils.Reporter.reportStep(Reporter.java:128)
at com.framework.selenium.api.base.SeleniumBase.takeSnap(SeleniumBase.java:927)
at com.framework.utils.Reporter.reportStep(Reporter.java:95)
at com.framework.utils.Reporter.reportStep(Reporter.java:128)
at com.framework.selenium.api.base.SeleniumBase.takeSnap(SeleniumBase.java:927)
at com.framework.utils.Reporter.reportStep(Reporter.java:95)
at com.framework.utils.Reporter.reportStep(Reporter.java:128)
at com.framework.selenium.api.base.SeleniumBase.takeSnap(SeleniumBase.java:927)
at com.framework.utils.Reporter.reportStep(Reporter.java:95)
at com.framework.utils.Reporter.reportStep(Reporter.java:128)
at com.framework.selenium.api.base.SeleniumBase.takeSnap(SeleniumBase.java:927)
at com.framework.utils.Reporter.reportStep(Reporter.java:95)
at com.framework.utils.Reporter.reportStep(Reporter.java:128)
at com.framework.selenium.api.base.SeleniumBase.takeSnap(SeleniumBase.java:927)
at com.framework.utils.Reporter.reportStep(Reporter.java:95)
at com.framework.utils.Reporter.reportStep(Reporter.java:128)
at com.framework.selenium.api.base.SeleniumBase.takeSnap(SeleniumBase.java:927)
at com.framework.utils.Reporter.reportStep(Reporter.java:95)
at com.framework.utils.Reporter.reportStep(Reporter.java:128)
at com.framework.selenium.api.base.SeleniumBase.takeSnap(SeleniumBase.java:927)
at com.framework.utils.Reporter.reportStep(Reporter.java:95)
at com.framework.utils.Reporter.reportStep(Reporter.java:128)
at com.framework.selenium.api.base.SeleniumBase.takeSnap(SeleniumBase.java:927)
at com.framework.utils.Reporter.reportStep(Reporter.java:95)
at com.framework.utils.Reporter.reportStep(Reporter.java:128)
at com.framework.selenium.api.base.SeleniumBase.takeSnap(SeleniumBase.java:927)
at com.framework.utils.Reporter.reportStep(Reporter.java:95)
at com.framework.utils.Reporter.reportStep(Reporter.java:128)
at com.framework.selenium.api.base.SeleniumBase.takeSnap(SeleniumBase.java:927)
at com.framework.utils.Reporter.reportStep(Reporter.java:95)
at com.framework.utils.Reporter.reportStep(Reporter.java:128)
at com.framework.selenium.api.base.SeleniumBase.takeSnap(SeleniumBase.java:927)
at com.framework.utils.Reporter.reportStep(Reporter.java:95)
at com.framework.utils.Reporter.reportStep(Reporter.java:128)
at com.framework.selenium.api.base.SeleniumBase.takeSnap(SeleniumBase.java:927)
at com.framework.utils.Reporter.reportStep(Reporter.java:95)
at com.framework.utils.Reporter.reportStep(Reporter.java:128)
at com.framework.selenium.api.base.SeleniumBase.takeSnap(SeleniumBase.java:927)
at com.framework.utils.Reporter.reportStep(Reporter.java:95)
at com.framework.utils.Reporter.reportStep(Reporter.java:128)
at com.framework.selenium.api.base.SeleniumBase.takeSnap(SeleniumBase.java:927)
at com.framework.utils.Reporter.reportStep(Reporter.java:95)
at com.framework.utils.Reporter.reportStep(Reporter.java:128)
at com.framework.selenium.api.base.SeleniumBase.takeSnap(SeleniumBase.java:927)
at com.framework.utils.Reporter.reportStep(Reporter.java:95)
at com.framework.utils.Reporter.reportStep(Reporter.java:128)
at com.framework.selenium.api.base.SeleniumBase.takeSnap(SeleniumBase.java:927)
at com.framework.utils.Reporter.reportStep(Reporter.java:95)
at com.framework.utils.Reporter.reportStep(Reporter.java:128)
at com.framework.selenium.api.base.SeleniumBase.takeSnap(SeleniumBase.java:927)
at com.framework.utils.Reporter.reportStep(Reporter.java:95)
at com.framework.utils.Reporter.reportStep(Reporter.java:128)
at com.framework.selenium.api.base.SeleniumBase.takeSnap(SeleniumBase.java:927)
at com.framework.utils.Reporter.reportStep(Reporter.java:95)
at com.framework.utils.Reporter.reportStep(Reporter.java:128)
at com.framework.selenium.api.base.SeleniumBase.takeSnap(SeleniumBase.java:927)
at com.framework.utils.Reporter.reportStep(Reporter.java:95)
at com.framework.utils.Reporter.reportStep(Reporter.java:128)
at com.framework.selenium.api.base.SeleniumBase.takeSnap(SeleniumBase.java:927)
at com.framework.utils.Reporter.reportStep(Reporter.java:95)
at com.framework.utils.Reporter.reportStep(Reporter.java:128)
at com.framework.selenium.api.base.SeleniumBase.takeSnap(SeleniumBase.java:927)
at com.framework.utils.Reporter.reportStep(Reporter.java:95)
at com.framework.utils.Reporter.reportStep(Reporter.java:128)
at com.framework.selenium.api.base.SeleniumBase.takeSnap(SeleniumBase.java:927)
at com.framework.utils.Reporter.reportStep(Reporter.java:95)
at com.framework.utils.Reporter.reportStep(Reporter.java:128)
at com.framework.selenium.api.base.SeleniumBase.takeSnap(SeleniumBase.java:927)
at com.framework.utils.Reporter.reportStep(Reporter.java:95)
at com.framework.utils.Reporter.reportStep(Reporter.java:128)
at com.framework.selenium.api.base.SeleniumBase.takeSnap(SeleniumBase.java:927)
at com.framework.utils.Reporter.reportStep(Reporter.java:95)
at com.framework.utils.Reporter.reportStep(Reporter.java:128)
at com.framework.selenium.api.base.SeleniumBase.takeSnap(SeleniumBase.java:927)
at com.framework.utils.Reporter.reportStep(Reporter.java:95)
at com.framework.utils.Reporter.reportStep(Reporter.java:128)
at com.framework.selenium.api.base.SeleniumBase.takeSnap(SeleniumBase.java:927)
at com.framework.utils.Reporter.reportStep(Reporter.java:95)
at com.framework.utils.Reporter.reportStep(Reporter.java:128)
at com.framework.selenium.api.base.SeleniumBase.takeSnap(SeleniumBase.java:927)
at com.framework.utils.Reporter.reportStep(Reporter.java:95)
at com.framework.utils.Reporter.reportStep(Reporter.java:128)
at com.framework.selenium.api.base.SeleniumBase.takeSnap(SeleniumBase.java:927)
at com.framework.utils.Reporter.reportStep(Reporter.java:95)
at com.framework.utils.Reporter.reportStep(Reporter.java:128)
at com.framework.selenium.api.base.SeleniumBase.takeSnap(SeleniumBase.java:927)
at com.framework.utils.Reporter.reportStep(Reporter.java:95)
at com.framework.utils.Reporter.reportStep(Reporter.java:128)
at com.framework.selenium.api.base.SeleniumBase.takeSnap(SeleniumBase.java:927)
at com.framework.utils.Reporter.reportStep(Reporter.java:95)
at com.framework.utils.Reporter.reportStep(Reporter.java:128)
]]>
    </error>
  </testcase> <!-- runLogin -->
</testsuite> <!-- com.leaftaps.testcases.TC005_DeleteLead -->
