<?xml version="1.0" encoding="UTF-8"?>
<!-- Generated by org.testng.reporters.JUnitReportReporter -->
<testsuite hostname="Rajesh" failures="0" tests="1" name="com.leaftaps.testcases.TC002_VerifyLogout" time="7.531" errors="0" timestamp="2025-04-07T15:14:49 IST" skipped="0">
  <testcase classname="com.leaftaps.testcases.TC002_VerifyLogout" name="runLogin" time="7.531"/>
</testsuite> <!-- com.leaftaps.testcases.TC002_VerifyLogout -->
