<?xml version="1.0" encoding="UTF-8"?>
<!-- Generated by org.testng.reporters.JUnitReportReporter -->
<testsuite hostname="Rajesh" failures="0" tests="3" name="com.leaftaps.testcases.TC001_VerifyLogin" time="7.851" errors="0" timestamp="2025-04-10T16:59:35 IST" skipped="0">
  <testcase classname="com.leaftaps.testcases.TC001_VerifyLogin" name="runLogin2" time="1.915"/>
  <testcase classname="com.leaftaps.testcases.TC001_VerifyLogin" name="runLogin1" time="0.434"/>
  <testcase classname="com.leaftaps.testcases.TC001_VerifyLogin" name="runLogin" time="5.502"/>
</testsuite> <!-- com.leaftaps.testcases.TC001_VerifyLogin -->
