<?xml version="1.0" encoding="UTF-8"?>
<!-- Generated by org.testng.reporters.JUnitReportReporter -->
<testsuite hostname="Rajesh" failures="0" tests="1" name="com.leaftaps.testcases.TC002_VerifyLogout" time="7.494" errors="0" timestamp="2025-04-09T21:27:49 IST" skipped="0">
  <testcase classname="com.leaftaps.testcases.TC002_VerifyLogout" name="runLogin" time="7.494"/>
</testsuite> <!-- com.leaftaps.testcases.TC002_VerifyLogout -->
