<?xml version="1.0" encoding="UTF-8"?>
<!-- Generated by org.testng.reporters.JUnitReportReporter -->
<testsuite hostname="Rajesh" failures="0" tests="2" name="com.leaftaps.testcases.TC001_VerifyLogin" time="24.343" errors="0" timestamp="2025-04-08T10:22:31 IST" skipped="0">
  <testcase classname="com.leaftaps.testcases.TC001_VerifyLogin" name="runLogin1" time="15.194"/>
  <testcase classname="com.leaftaps.testcases.TC001_VerifyLogin" name="runLogin" time="9.149"/>
</testsuite> <!-- com.leaftaps.testcases.TC001_VerifyLogin -->
