<?xml version="1.0" encoding="UTF-8"?>
<!-- Generated by org.testng.reporters.JUnitReportReporter -->
<testsuite hostname="Rajesh" failures="0" tests="2" name="com.leaftaps.testcases.TC001_VerifyLogin" time="6.133" errors="0" timestamp="2025-04-09T21:27:49 IST" skipped="0">
  <testcase classname="com.leaftaps.testcases.TC001_VerifyLogin" name="runLogin1" time="5.581"/>
  <testcase classname="com.leaftaps.testcases.TC001_VerifyLogin" name="runLogin" time="0.552"/>
</testsuite> <!-- com.leaftaps.testcases.TC001_VerifyLogin -->
