<?xml version="1.0" encoding="UTF-8"?>
<!-- Generated by org.testng.reporters.JUnitReportReporter -->
<testsuite hostname="Rajesh" failures="0" tests="1" name="com.leaftaps.testcases.TC002_VerifyLogout" time="16.568" errors="0" timestamp="2025-04-10T18:01:05 IST" skipped="0">
  <testcase classname="com.leaftaps.testcases.TC002_VerifyLogout" name="runLogin" time="16.568"/>
</testsuite> <!-- com.leaftaps.testcases.TC002_VerifyLogout -->
