<?xml version="1.0" encoding="UTF-8"?>
<!-- Generated by org.testng.reporters.JUnitReportReporter -->
<testsuite hostname="LAPTOP-RDSQ4RAL" failures="0" tests="1" name="com.leaftaps.testcases.TC001_VerifyLogin" time="11.550" errors="0" timestamp="2025-04-06T20:47:45 IST" skipped="0">
  <testcase classname="com.leaftaps.testcases.TC001_VerifyLogin" name="runLogin" time="11.550"/>
  <system-out/>
</testsuite> <!-- com.leaftaps.testcases.TC001_VerifyLogin -->
