<?xml version="1.0" encoding="UTF-8"?>
<!-- Generated by org.testng.reporters.JUnitReportReporter -->
<testsuite hostname="Rajesh" failures="0" tests="2" name="com.leaftaps.testcases.TC001_VerifyLogin" time="8.895" errors="0" timestamp="2025-04-08T16:20:24 IST" skipped="0">
  <testcase classname="com.leaftaps.testcases.TC001_VerifyLogin" name="runLogin1" time="1.322"/>
  <testcase classname="com.leaftaps.testcases.TC001_VerifyLogin" name="runLogin" time="7.573"/>
</testsuite> <!-- com.leaftaps.testcases.TC001_VerifyLogin -->
